<?xml version="1.0" encoding="UTF-8"?>
<testsuite name="hu.haku.gamestore.GamestoreApplicationTests" tests="1" skipped="0" failures="0" errors="0" timestamp="2022-10-05T19:36:17" hostname="twn592067.res.hu.corp" time="0.146">
  <properties/>
  <testcase name="contextLoads()" classname="hu.haku.gamestore.GamestoreApplicationTests" time="0.146"/>
  <system-out><![CDATA[21:36:07.379 [Test worker] DEBUG org.springframework.test.context.BootstrapUtils - Instantiating CacheAwareContextLoaderDelegate from class [org.springframework.test.context.cache.DefaultCacheAwareContextLoaderDelegate]
21:36:07.392 [Test worker] DEBUG org.springframework.test.context.BootstrapUtils - Instantiating BootstrapContext using constructor [public org.springframework.test.context.support.DefaultBootstrapContext(java.lang.Class,org.springframework.test.context.CacheAwareContextLoaderDelegate)]
21:36:07.502 [Test worker] DEBUG org.springframework.test.context.BootstrapUtils - Instantiating TestContextBootstrapper for test class [hu.haku.gamestore.GamestoreApplicationTests] from class [org.springframework.boot.test.context.SpringBootTestContextBootstrapper]
21:36:07.528 [Test worker] INFO org.springframework.boot.test.context.SpringBootTestContextBootstrapper - Neither @ContextConfiguration nor @ContextHierarchy found for test class [hu.haku.gamestore.GamestoreApplicationTests], using SpringBootContextLoader
21:36:07.533 [Test worker] DEBUG org.springframework.test.context.support.AbstractContextLoader - Did not detect default resource location for test class [hu.haku.gamestore.GamestoreApplicationTests]: class path resource [hu/haku/gamestore/GamestoreApplicationTests-context.xml] does not exist
21:36:07.533 [Test worker] DEBUG org.springframework.test.context.support.AbstractContextLoader - Did not detect default resource location for test class [hu.haku.gamestore.GamestoreApplicationTests]: class path resource [hu/haku/gamestore/GamestoreApplicationTestsContext.groovy] does not exist
21:36:07.534 [Test worker] INFO org.springframework.test.context.support.AbstractContextLoader - Could not detect default resource locations for test class [hu.haku.gamestore.GamestoreApplicationTests]: no resource found for suffixes {-context.xml, Context.groovy}.
21:36:07.535 [Test worker] INFO org.springframework.test.context.support.AnnotationConfigContextLoaderUtils - Could not detect default configuration classes for test class [hu.haku.gamestore.GamestoreApplicationTests]: GamestoreApplicationTests does not declare any static, non-private, non-final, nested classes annotated with @Configuration.
21:36:07.605 [Test worker] DEBUG org.springframework.test.context.support.ActiveProfilesUtils - Could not find an 'annotation declaring class' for annotation type [org.springframework.test.context.ActiveProfiles] and class [hu.haku.gamestore.GamestoreApplicationTests]
21:36:07.740 [Test worker] DEBUG org.springframework.context.annotation.ClassPathScanningCandidateComponentProvider - Identified candidate component class: file [/Users/bakonyigergo/appdev/privdev/gamestore/build/classes/java/main/hu/haku/gamestore/GamestoreApplication.class]
21:36:07.742 [Test worker] INFO org.springframework.boot.test.context.SpringBootTestContextBootstrapper - Found @SpringBootConfiguration hu.haku.gamestore.GamestoreApplication for test class hu.haku.gamestore.GamestoreApplicationTests
21:36:07.853 [Test worker] DEBUG org.springframework.boot.test.context.SpringBootTestContextBootstrapper - @TestExecutionListeners is not present for class [hu.haku.gamestore.GamestoreApplicationTests]: using defaults.
21:36:07.854 [Test worker] INFO org.springframework.boot.test.context.SpringBootTestContextBootstrapper - Loaded default TestExecutionListener class names from location [META-INF/spring.factories]: [org.springframework.boot.test.autoconfigure.restdocs.RestDocsTestExecutionListener, org.springframework.boot.test.autoconfigure.web.client.MockRestServiceServerResetTestExecutionListener, org.springframework.boot.test.autoconfigure.web.servlet.MockMvcPrintOnlyOnFailureTestExecutionListener, org.springframework.boot.test.autoconfigure.web.servlet.WebDriverTestExecutionListener, org.springframework.boot.test.autoconfigure.webservices.client.MockWebServiceServerTestExecutionListener, org.springframework.boot.test.mock.mockito.MockitoTestExecutionListener, org.springframework.boot.test.mock.mockito.ResetMocksTestExecutionListener, org.springframework.test.context.web.ServletTestExecutionListener, org.springframework.test.context.support.DirtiesContextBeforeModesTestExecutionListener, org.springframework.test.context.event.ApplicationEventsTestExecutionListener, org.springframework.test.context.support.DependencyInjectionTestExecutionListener, org.springframework.test.context.support.DirtiesContextTestExecutionListener, org.springframework.test.context.transaction.TransactionalTestExecutionListener, org.springframework.test.context.jdbc.SqlScriptsTestExecutionListener, org.springframework.test.context.event.EventPublishingTestExecutionListener]
21:36:07.869 [Test worker] INFO org.springframework.boot.test.context.SpringBootTestContextBootstrapper - Using TestExecutionListeners: [org.springframework.test.context.web.ServletTestExecutionListener@63fbfaeb, org.springframework.test.context.support.DirtiesContextBeforeModesTestExecutionListener@602e0143, org.springframework.test.context.event.ApplicationEventsTestExecutionListener@2c07545f, org.springframework.boot.test.mock.mockito.MockitoTestExecutionListener@e57b96d, org.springframework.boot.test.autoconfigure.SpringBootDependencyInjectionTestExecutionListener@32c726ee, org.springframework.test.context.support.DirtiesContextTestExecutionListener@22f31dec, org.springframework.test.context.transaction.TransactionalTestExecutionListener@34c01041, org.springframework.test.context.jdbc.SqlScriptsTestExecutionListener@76f4b65, org.springframework.test.context.event.EventPublishingTestExecutionListener@c94fd30, org.springframework.boot.test.autoconfigure.restdocs.RestDocsTestExecutionListener@36328d33, org.springframework.boot.test.autoconfigure.web.client.MockRestServiceServerResetTestExecutionListener@2c4d1ac, org.springframework.boot.test.autoconfigure.web.servlet.MockMvcPrintOnlyOnFailureTestExecutionListener@7f0d96f2, org.springframework.boot.test.autoconfigure.web.servlet.WebDriverTestExecutionListener@545b995e, org.springframework.boot.test.autoconfigure.webservices.client.MockWebServiceServerTestExecutionListener@76a2ddf3, org.springframework.boot.test.mock.mockito.ResetMocksTestExecutionListener@524f3b3a]
21:36:07.873 [Test worker] DEBUG org.springframework.test.context.support.AbstractDirtiesContextTestExecutionListener - Before test class: context [DefaultTestContext@d62fe5b testClass = GamestoreApplicationTests, testInstance = [null], testMethod = [null], testException = [null], mergedContextConfiguration = [WebMergedContextConfiguration@49964d75 testClass = GamestoreApplicationTests, locations = '{}', classes = '{class hu.haku.gamestore.GamestoreApplication}', contextInitializerClasses = '[]', activeProfiles = '{}', propertySourceLocations = '{}', propertySourceProperties = '{org.springframework.boot.test.context.SpringBootTestContextBootstrapper=true}', contextCustomizers = set[org.springframework.boot.test.autoconfigure.actuate.metrics.MetricsExportContextCustomizerFactory$DisableMetricExportContextCustomizer@3ba987b8, org.springframework.boot.test.autoconfigure.properties.PropertyMappingContextCustomizer@0, org.springframework.boot.test.autoconfigure.web.servlet.WebDriverContextCustomizerFactory$Customizer@6fa51cd4, org.springframework.boot.test.context.filter.ExcludeFilterContextCustomizer@cecf639, org.springframework.boot.test.json.DuplicateJsonObjectContextCustomizerFactory$DuplicateJsonObjectContextCustomizer@7ce69770, org.springframework.boot.test.mock.mockito.MockitoContextCustomizer@0, org.springframework.boot.test.web.client.TestRestTemplateContextCustomizer@4a003cbe, org.springframework.boot.test.context.SpringBootTestArgs@1, org.springframework.boot.test.context.SpringBootTestWebEnvironment@1fe20588], resourceBasePath = 'src/main/webapp', contextLoader = 'org.springframework.boot.test.context.SpringBootContextLoader', parent = [null]], attributes = map['org.springframework.test.context.web.ServletTestExecutionListener.activateListener' -> true]], class annotated with @DirtiesContext [false] with mode [null].
2022-10-05 21:36:08.508  INFO 51045 --- [    Test worker] h.h.gamestore.GamestoreApplicationTests  : Starting GamestoreApplicationTests using Java 1.8.0_292 on twn592067.res.hu.corp with PID 51045 (started by bakonyigergo in /Users/bakonyigergo/appdev/privdev/gamestore)
2022-10-05 21:36:08.511  INFO 51045 --- [    Test worker] h.h.gamestore.GamestoreApplicationTests  : No active profile set, falling back to 1 default profile: "default"
2022-10-05 21:36:09.757  INFO 51045 --- [    Test worker] .s.d.r.c.RepositoryConfigurationDelegate : Bootstrapping Spring Data JPA repositories in DEFAULT mode.
2022-10-05 21:36:09.778  INFO 51045 --- [    Test worker] .s.d.r.c.RepositoryConfigurationDelegate : Finished Spring Data repository scanning in 11 ms. Found 0 JPA repository interfaces.
2022-10-05 21:36:11.238  INFO 51045 --- [    Test worker] com.zaxxer.hikari.HikariDataSource       : HikariPool-1 - Starting...
2022-10-05 21:36:11.596  INFO 51045 --- [    Test worker] com.zaxxer.hikari.HikariDataSource       : HikariPool-1 - Start completed.
2022-10-05 21:36:11.826  INFO 51045 --- [    Test worker] o.hibernate.jpa.internal.util.LogHelper  : HHH000204: Processing PersistenceUnitInfo [name: default]
2022-10-05 21:36:11.883  INFO 51045 --- [    Test worker] org.hibernate.Version                    : HHH000412: Hibernate ORM core version 5.6.11.Final
2022-10-05 21:36:12.075  INFO 51045 --- [    Test worker] o.hibernate.annotations.common.Version   : HCANN000001: Hibernate Commons Annotations {5.1.2.Final}
2022-10-05 21:36:12.191  INFO 51045 --- [    Test worker] org.hibernate.dialect.Dialect            : HHH000400: Using dialect: org.hibernate.dialect.H2Dialect
2022-10-05 21:36:12.527  INFO 51045 --- [    Test worker] o.h.e.t.j.p.i.JtaPlatformInitiator       : HHH000490: Using JtaPlatform implementation: [org.hibernate.engine.transaction.jta.platform.internal.NoJtaPlatform]
2022-10-05 21:36:12.538  INFO 51045 --- [    Test worker] j.LocalContainerEntityManagerFactoryBean : Initialized JPA EntityManagerFactory for persistence unit 'default'
2022-10-05 21:36:13.649  WARN 51045 --- [    Test worker] JpaBaseConfiguration$JpaWebConfiguration : spring.jpa.open-in-view is enabled by default. Therefore, database queries may be performed during view rendering. Explicitly configure spring.jpa.open-in-view to disable this warning
2022-10-05 21:36:14.557  INFO 51045 --- [    Test worker] o.s.b.a.h2.H2ConsoleAutoConfiguration    : H2 console available at '/h2-console'. Database available at 'jdbc:h2:~/gamestore'
2022-10-05 21:36:16.740  INFO 51045 --- [    Test worker] o.s.b.a.e.web.EndpointLinksResolver      : Exposing 1 endpoint(s) beneath base path '/actuator'
2022-10-05 21:36:17.012  INFO 51045 --- [    Test worker] h.h.gamestore.GamestoreApplicationTests  : Started GamestoreApplicationTests in 9.092 seconds (JVM running for 10.92)
]]></system-out>
  <system-err><![CDATA[]]></system-err>
</testsuite>
